<?xml version="1.0" encoding="UTF-8"?>
<testng-results ignored="0" total="1" passed="1" failed="0" skipped="0">
  <reporter-output>
    <line>
      <![CDATA[About to begin executing Suite NspiraHrmsPortal]]>
    </line>
    <line>
      <![CDATA[About to begin executing Test sreachUserRunner]]>
    </line>
    <line>
      <![CDATA[About to begin executing following method : AbstractTestNGCucumberTests.setUpClass]]>
    </line>
    <line>
      <![CDATA[Completed executing following method : AbstractTestNGCucumberTests.setUpClass]]>
    </line>
    <line>
      <![CDATA[About to begin executing following method : sreachUserRunner.beforeclass]]>
    </line>
    <line>
      <![CDATA[Completed executing following method : sreachUserRunner.beforeclass]]>
    </line>
    <line>
      <![CDATA[About to begin executing following method : AbstractTestNGCucumberTests.feature]]>
    </line>
    <line>
      <![CDATA[Completed executing following method : AbstractTestNGCucumberTests.feature]]>
    </line>
    <line>
      <![CDATA[Test Method resides in com.cucumber.TestRunner.sreachUserRunner]]>
    </line>
    <line>
      <![CDATA[Test Method had the following parameters : nullAdministrator - Search User,]]>
    </line>
    <line>
      <![CDATA[Test Status: Pass]]>
    </line>
    <line>
      <![CDATA[About to begin executing following method : sreachUserRunner.testDownClass]]>
    </line>
    <line>
      <![CDATA[Completed executing following method : sreachUserRunner.testDownClass]]>
    </line>
    <line>
      <![CDATA[About to begin executing following method : AbstractTestNGCucumberTests.tearDownClass]]>
    </line>
    <line>
      <![CDATA[Completed executing following method : AbstractTestNGCucumberTests.tearDownClass]]>
    </line>
  </reporter-output>
  <suite started-at="2024-01-30T23:15:24 IST" name="NspiraHrmsPortal" finished-at="2024-01-30T23:16:40 IST" duration-ms="76619">
    <groups>
      <group name="cucumber">
        <method signature="AbstractTestNGCucumberTests.feature(cucumber.api.testng.CucumberFeatureWrapper)[pri:0, instance:com.cucumber.TestRunner.sreachUserRunner@71075444]" name="feature" class="cucumber.api.testng.AbstractTestNGCucumberTests"/>
      </group> <!-- cucumber -->
    </groups>
    <test started-at="2024-01-30T23:15:24 IST" name="sreachUserRunner" finished-at="2024-01-30T23:16:40 IST" duration-ms="76619">
      <class name="com.cucumber.TestRunner.sreachUserRunner">
        <test-method is-config="true" signature="setUpClass()[pri:0, instance:com.cucumber.TestRunner.sreachUserRunner@71075444]" started-at="2024-01-30T23:15:24 IST" name="setUpClass" finished-at="2024-01-30T23:15:28 IST" duration-ms="3933" status="PASS">
          <reporter-output>
            <line>
              <![CDATA[Completed executing following method : AbstractTestNGCucumberTests.setUpClass]]>
            </line>
          </reporter-output>
        </test-method> <!-- setUpClass -->
        <test-method is-config="true" signature="beforeclass(java.lang.String)[pri:0, instance:com.cucumber.TestRunner.sreachUserRunner@71075444]" started-at="2024-01-30T23:15:28 IST" name="beforeclass" finished-at="2024-01-30T23:15:39 IST" duration-ms="11333" status="PASS">
          <params>
            <param index="0">
              <value>
                <![CDATA[chrome]]>
              </value>
            </param>
          </params>
          <reporter-output>
            <line>
              <![CDATA[Completed executing following method : sreachUserRunner.beforeclass]]>
            </line>
          </reporter-output>
        </test-method> <!-- beforeclass -->
        <test-method signature="feature(cucumber.api.testng.CucumberFeatureWrapper)[pri:0, instance:com.cucumber.TestRunner.sreachUserRunner@71075444]" started-at="2024-01-30T23:15:40 IST" name="feature" description="Runs Cucumber Feature" data-provider="features" finished-at="2024-01-30T23:16:33 IST" duration-ms="53150" status="PASS">
          <params>
            <param index="0">
              <value>
                <![CDATA[Administrator - Search User]]>
              </value>
            </param>
          </params>
          <reporter-output>
            <line>
              <![CDATA[About to begin executing following method : AbstractTestNGCucumberTests.feature]]>
            </line>
            <line>
              <![CDATA[Completed executing following method : AbstractTestNGCucumberTests.feature]]>
            </line>
            <line>
              <![CDATA[Test Method resides in com.cucumber.TestRunner.sreachUserRunner]]>
            </line>
            <line>
              <![CDATA[Test Method had the following parameters : nullAdministrator - Search User,]]>
            </line>
            <line>
              <![CDATA[Test Status: Pass]]>
            </line>
          </reporter-output>
        </test-method> <!-- feature -->
        <test-method is-config="true" signature="testDownClass()[pri:0, instance:com.cucumber.TestRunner.sreachUserRunner@71075444]" started-at="2024-01-30T23:16:33 IST" name="testDownClass" finished-at="2024-01-30T23:16:39 IST" duration-ms="6133" status="PASS">
          <reporter-output>
            <line>
              <![CDATA[Completed executing following method : sreachUserRunner.testDownClass]]>
            </line>
          </reporter-output>
        </test-method> <!-- testDownClass -->
        <test-method is-config="true" signature="tearDownClass()[pri:0, instance:com.cucumber.TestRunner.sreachUserRunner@71075444]" started-at="2024-01-30T23:16:39 IST" name="tearDownClass" finished-at="2024-01-30T23:16:40 IST" duration-ms="1590" status="PASS">
          <reporter-output>
            <line>
              <![CDATA[Completed executing following method : AbstractTestNGCucumberTests.tearDownClass]]>
            </line>
          </reporter-output>
        </test-method> <!-- tearDownClass -->
      </class> <!-- com.cucumber.TestRunner.sreachUserRunner -->
    </test> <!-- sreachUserRunner -->
  </suite> <!-- NspiraHrmsPortal -->
</testng-results>
